<?xml version="1.0" encoding="UTF-8"?>
<testsuite xmlns:xsi="http://www.w3.org/2001/XMLSchema-instance" xsi:noNamespaceSchemaLocation="https://maven.apache.org/surefire/maven-surefire-plugin/xsd/surefire-test-report.xsd" name="com.example.cse5914backend.Cse5914BackendApplicationTests" time="0.146" tests="1" errors="1" skipped="0" failures="0">
  <properties>
    <property name="java.specification.version" value="19"/>
    <property name="sun.jnu.encoding" value="UTF-8"/>
    <property name="java.class.path" value="/Users/young_y2m/Desktop/IntelliJ IDEA/CSE5914/target/test-classes:/Users/young_y2m/Desktop/IntelliJ IDEA/CSE5914/target/classes:/Users/young_y2m/.m2/repository/org/elasticsearch/client/elasticsearch-rest-high-level-client/7.3.0/elasticsearch-rest-high-level-client-7.3.0.jar:/Users/young_y2m/.m2/repository/org/elasticsearch/client/elasticsearch-rest-client/7.17.6/elasticsearch-rest-client-7.17.6.jar:/Users/young_y2m/.m2/repository/org/apache/httpcomponents/httpasyncclient/4.1.5/httpasyncclient-4.1.5.jar:/Users/young_y2m/.m2/repository/org/apache/httpcomponents/httpcore-nio/4.4.15/httpcore-nio-4.4.15.jar:/Users/young_y2m/.m2/repository/org/elasticsearch/plugin/parent-join-client/7.3.0/parent-join-client-7.3.0.jar:/Users/young_y2m/.m2/repository/org/elasticsearch/plugin/aggs-matrix-stats-client/7.3.0/aggs-matrix-stats-client-7.3.0.jar:/Users/young_y2m/.m2/repository/org/elasticsearch/plugin/rank-eval-client/7.3.0/rank-eval-client-7.3.0.jar:/Users/young_y2m/.m2/repository/org/elasticsearch/plugin/lang-mustache-client/7.3.0/lang-mustache-client-7.3.0.jar:/Users/young_y2m/.m2/repository/com/github/spullara/mustache/java/compiler/0.9.3/compiler-0.9.3.jar:/Users/young_y2m/.m2/repository/org/elasticsearch/elasticsearch/7.3.1/elasticsearch-7.3.1.jar:/Users/young_y2m/.m2/repository/org/elasticsearch/elasticsearch-core/7.3.1/elasticsearch-core-7.3.1.jar:/Users/young_y2m/.m2/repository/org/elasticsearch/elasticsearch-secure-sm/7.3.1/elasticsearch-secure-sm-7.3.1.jar:/Users/young_y2m/.m2/repository/org/elasticsearch/elasticsearch-x-content/7.3.1/elasticsearch-x-content-7.3.1.jar:/Users/young_y2m/.m2/repository/org/yaml/snakeyaml/1.30/snakeyaml-1.30.jar:/Users/young_y2m/.m2/repository/com/fasterxml/jackson/dataformat/jackson-dataformat-smile/2.13.4/jackson-dataformat-smile-2.13.4.jar:/Users/young_y2m/.m2/repository/com/fasterxml/jackson/dataformat/jackson-dataformat-yaml/2.13.4/jackson-dataformat-yaml-2.13.4.jar:/Users/young_y2m/.m2/repository/com/fasterxml/jackson/dataformat/jackson-dataformat-cbor/2.13.4/jackson-dataformat-cbor-2.13.4.jar:/Users/young_y2m/.m2/repository/org/elasticsearch/elasticsearch-geo/7.3.1/elasticsearch-geo-7.3.1.jar:/Users/young_y2m/.m2/repository/org/apache/lucene/lucene-core/8.1.0/lucene-core-8.1.0.jar:/Users/young_y2m/.m2/repository/org/apache/lucene/lucene-analyzers-common/8.1.0/lucene-analyzers-common-8.1.0.jar:/Users/young_y2m/.m2/repository/org/apache/lucene/lucene-backward-codecs/8.1.0/lucene-backward-codecs-8.1.0.jar:/Users/young_y2m/.m2/repository/org/apache/lucene/lucene-grouping/8.1.0/lucene-grouping-8.1.0.jar:/Users/young_y2m/.m2/repository/org/apache/lucene/lucene-highlighter/8.1.0/lucene-highlighter-8.1.0.jar:/Users/young_y2m/.m2/repository/org/apache/lucene/lucene-join/8.1.0/lucene-join-8.1.0.jar:/Users/young_y2m/.m2/repository/org/apache/lucene/lucene-memory/8.1.0/lucene-memory-8.1.0.jar:/Users/young_y2m/.m2/repository/org/apache/lucene/lucene-misc/8.1.0/lucene-misc-8.1.0.jar:/Users/young_y2m/.m2/repository/org/apache/lucene/lucene-queries/8.1.0/lucene-queries-8.1.0.jar:/Users/young_y2m/.m2/repository/org/apache/lucene/lucene-queryparser/8.1.0/lucene-queryparser-8.1.0.jar:/Users/young_y2m/.m2/repository/org/apache/lucene/lucene-sandbox/8.1.0/lucene-sandbox-8.1.0.jar:/Users/young_y2m/.m2/repository/org/apache/lucene/lucene-spatial/8.1.0/lucene-spatial-8.1.0.jar:/Users/young_y2m/.m2/repository/org/apache/lucene/lucene-spatial-extras/8.1.0/lucene-spatial-extras-8.1.0.jar:/Users/young_y2m/.m2/repository/org/apache/lucene/lucene-spatial3d/8.1.0/lucene-spatial3d-8.1.0.jar:/Users/young_y2m/.m2/repository/org/apache/lucene/lucene-suggest/8.1.0/lucene-suggest-8.1.0.jar:/Users/young_y2m/.m2/repository/org/elasticsearch/elasticsearch-cli/7.3.1/elasticsearch-cli-7.3.1.jar:/Users/young_y2m/.m2/repository/net/sf/jopt-simple/jopt-simple/5.0.2/jopt-simple-5.0.2.jar:/Users/young_y2m/.m2/repository/com/carrotsearch/hppc/0.8.1/hppc-0.8.1.jar:/Users/young_y2m/.m2/repository/joda-time/joda-time/2.10.2/joda-time-2.10.2.jar:/Users/young_y2m/.m2/repository/com/tdunning/t-digest/3.2/t-digest-3.2.jar:/Users/young_y2m/.m2/repository/org/hdrhistogram/HdrHistogram/2.1.9/HdrHistogram-2.1.9.jar:/Users/young_y2m/.m2/repository/org/apache/logging/log4j/log4j-api/2.17.2/log4j-api-2.17.2.jar:/Users/young_y2m/.m2/repository/org/elasticsearch/jna/4.5.1/jna-4.5.1.jar:/Users/young_y2m/.m2/repository/org/springframework/boot/spring-boot-starter-web/2.7.4/spring-boot-starter-web-2.7.4.jar:/Users/young_y2m/.m2/repository/org/springframework/boot/spring-boot-starter/2.7.4/spring-boot-starter-2.7.4.jar:/Users/young_y2m/.m2/repository/org/springframework/boot/spring-boot/2.7.4/spring-boot-2.7.4.jar:/Users/young_y2m/.m2/repository/org/springframework/boot/spring-boot-starter-logging/2.7.4/spring-boot-starter-logging-2.7.4.jar:/Users/young_y2m/.m2/repository/ch/qos/logback/logback-classic/1.2.11/logback-classic-1.2.11.jar:/Users/young_y2m/.m2/repository/ch/qos/logback/logback-core/1.2.11/logback-core-1.2.11.jar:/Users/young_y2m/.m2/repository/org/apache/logging/log4j/log4j-to-slf4j/2.17.2/log4j-to-slf4j-2.17.2.jar:/Users/young_y2m/.m2/repository/org/slf4j/jul-to-slf4j/1.7.36/jul-to-slf4j-1.7.36.jar:/Users/young_y2m/.m2/repository/jakarta/annotation/jakarta.annotation-api/1.3.5/jakarta.annotation-api-1.3.5.jar:/Users/young_y2m/.m2/repository/org/springframework/boot/spring-boot-starter-json/2.7.4/spring-boot-starter-json-2.7.4.jar:/Users/young_y2m/.m2/repository/com/fasterxml/jackson/core/jackson-databind/2.13.4/jackson-databind-2.13.4.jar:/Users/young_y2m/.m2/repository/com/fasterxml/jackson/core/jackson-annotations/2.13.4/jackson-annotations-2.13.4.jar:/Users/young_y2m/.m2/repository/com/fasterxml/jackson/datatype/jackson-datatype-jdk8/2.13.4/jackson-datatype-jdk8-2.13.4.jar:/Users/young_y2m/.m2/repository/com/fasterxml/jackson/datatype/jackson-datatype-jsr310/2.13.4/jackson-datatype-jsr310-2.13.4.jar:/Users/young_y2m/.m2/repository/com/fasterxml/jackson/module/jackson-module-parameter-names/2.13.4/jackson-module-parameter-names-2.13.4.jar:/Users/young_y2m/.m2/repository/org/springframework/boot/spring-boot-starter-tomcat/2.7.4/spring-boot-starter-tomcat-2.7.4.jar:/Users/young_y2m/.m2/repository/org/apache/tomcat/embed/tomcat-embed-core/9.0.65/tomcat-embed-core-9.0.65.jar:/Users/young_y2m/.m2/repository/org/apache/tomcat/embed/tomcat-embed-el/9.0.65/tomcat-embed-el-9.0.65.jar:/Users/young_y2m/.m2/repository/org/apache/tomcat/embed/tomcat-embed-websocket/9.0.65/tomcat-embed-websocket-9.0.65.jar:/Users/young_y2m/.m2/repository/org/springframework/spring-web/5.3.23/spring-web-5.3.23.jar:/Users/young_y2m/.m2/repository/org/springframework/spring-beans/5.3.23/spring-beans-5.3.23.jar:/Users/young_y2m/.m2/repository/org/springframework/spring-webmvc/5.3.23/spring-webmvc-5.3.23.jar:/Users/young_y2m/.m2/repository/org/springframework/spring-aop/5.3.23/spring-aop-5.3.23.jar:/Users/young_y2m/.m2/repository/org/springframework/spring-context/5.3.23/spring-context-5.3.23.jar:/Users/young_y2m/.m2/repository/org/springframework/spring-expression/5.3.23/spring-expression-5.3.23.jar:/Users/young_y2m/.m2/repository/org/projectlombok/lombok/1.18.24/lombok-1.18.24.jar:/Users/young_y2m/.m2/repository/org/springframework/boot/spring-boot-starter-test/2.7.4/spring-boot-starter-test-2.7.4.jar:/Users/young_y2m/.m2/repository/org/springframework/boot/spring-boot-test/2.7.4/spring-boot-test-2.7.4.jar:/Users/young_y2m/.m2/repository/org/springframework/boot/spring-boot-test-autoconfigure/2.7.4/spring-boot-test-autoconfigure-2.7.4.jar:/Users/young_y2m/.m2/repository/com/jayway/jsonpath/json-path/2.7.0/json-path-2.7.0.jar:/Users/young_y2m/.m2/repository/net/minidev/json-smart/2.4.8/json-smart-2.4.8.jar:/Users/young_y2m/.m2/repository/net/minidev/accessors-smart/2.4.8/accessors-smart-2.4.8.jar:/Users/young_y2m/.m2/repository/org/slf4j/slf4j-api/1.7.36/slf4j-api-1.7.36.jar:/Users/young_y2m/.m2/repository/jakarta/xml/bind/jakarta.xml.bind-api/2.3.3/jakarta.xml.bind-api-2.3.3.jar:/Users/young_y2m/.m2/repository/jakarta/activation/jakarta.activation-api/1.2.2/jakarta.activation-api-1.2.2.jar:/Users/young_y2m/.m2/repository/org/assertj/assertj-core/3.22.0/assertj-core-3.22.0.jar:/Users/young_y2m/.m2/repository/org/hamcrest/hamcrest/2.2/hamcrest-2.2.jar:/Users/young_y2m/.m2/repository/org/junit/jupiter/junit-jupiter/5.8.2/junit-jupiter-5.8.2.jar:/Users/young_y2m/.m2/repository/org/junit/jupiter/junit-jupiter-api/5.8.2/junit-jupiter-api-5.8.2.jar:/Users/young_y2m/.m2/repository/org/opentest4j/opentest4j/1.2.0/opentest4j-1.2.0.jar:/Users/young_y2m/.m2/repository/org/junit/platform/junit-platform-commons/1.8.2/junit-platform-commons-1.8.2.jar:/Users/young_y2m/.m2/repository/org/apiguardian/apiguardian-api/1.1.2/apiguardian-api-1.1.2.jar:/Users/young_y2m/.m2/repository/org/junit/jupiter/junit-jupiter-params/5.8.2/junit-jupiter-params-5.8.2.jar:/Users/young_y2m/.m2/repository/org/junit/jupiter/junit-jupiter-engine/5.8.2/junit-jupiter-engine-5.8.2.jar:/Users/young_y2m/.m2/repository/org/junit/platform/junit-platform-engine/1.8.2/junit-platform-engine-1.8.2.jar:/Users/young_y2m/.m2/repository/org/mockito/mockito-core/4.5.1/mockito-core-4.5.1.jar:/Users/young_y2m/.m2/repository/net/bytebuddy/byte-buddy/1.12.17/byte-buddy-1.12.17.jar:/Users/young_y2m/.m2/repository/net/bytebuddy/byte-buddy-agent/1.12.17/byte-buddy-agent-1.12.17.jar:/Users/young_y2m/.m2/repository/org/objenesis/objenesis/3.2/objenesis-3.2.jar:/Users/young_y2m/.m2/repository/org/mockito/mockito-junit-jupiter/4.5.1/mockito-junit-jupiter-4.5.1.jar:/Users/young_y2m/.m2/repository/org/skyscreamer/jsonassert/1.5.1/jsonassert-1.5.1.jar:/Users/young_y2m/.m2/repository/com/vaadin/external/google/android-json/0.0.20131108.vaadin1/android-json-0.0.20131108.vaadin1.jar:/Users/young_y2m/.m2/repository/org/springframework/spring-core/5.3.23/spring-core-5.3.23.jar:/Users/young_y2m/.m2/repository/org/springframework/spring-jcl/5.3.23/spring-jcl-5.3.23.jar:/Users/young_y2m/.m2/repository/org/springframework/spring-test/5.3.23/spring-test-5.3.23.jar:/Users/young_y2m/.m2/repository/org/xmlunit/xmlunit-core/2.9.0/xmlunit-core-2.9.0.jar:/Users/young_y2m/.m2/repository/org/springframework/boot/spring-boot-starter-thymeleaf/2.7.4/spring-boot-starter-thymeleaf-2.7.4.jar:/Users/young_y2m/.m2/repository/org/thymeleaf/thymeleaf-spring5/3.0.15.RELEASE/thymeleaf-spring5-3.0.15.RELEASE.jar:/Users/young_y2m/.m2/repository/org/thymeleaf/thymeleaf/3.0.15.RELEASE/thymeleaf-3.0.15.RELEASE.jar:/Users/young_y2m/.m2/repository/org/attoparser/attoparser/2.0.5.RELEASE/attoparser-2.0.5.RELEASE.jar:/Users/young_y2m/.m2/repository/org/unbescape/unbescape/1.1.6.RELEASE/unbescape-1.1.6.RELEASE.jar:/Users/young_y2m/.m2/repository/org/thymeleaf/extras/thymeleaf-extras-java8time/3.0.4.RELEASE/thymeleaf-extras-java8time-3.0.4.RELEASE.jar:/Users/young_y2m/.m2/repository/com/baomidou/mybatis-plus-boot-starter/3.4.3/mybatis-plus-boot-starter-3.4.3.jar:/Users/young_y2m/.m2/repository/com/baomidou/mybatis-plus/3.4.3/mybatis-plus-3.4.3.jar:/Users/young_y2m/.m2/repository/com/baomidou/mybatis-plus-extension/3.4.3/mybatis-plus-extension-3.4.3.jar:/Users/young_y2m/.m2/repository/com/baomidou/mybatis-plus-core/3.4.3/mybatis-plus-core-3.4.3.jar:/Users/young_y2m/.m2/repository/com/baomidou/mybatis-plus-annotation/3.4.3/mybatis-plus-annotation-3.4.3.jar:/Users/young_y2m/.m2/repository/com/github/jsqlparser/jsqlparser/4.0/jsqlparser-4.0.jar:/Users/young_y2m/.m2/repository/org/mybatis/mybatis/3.5.7/mybatis-3.5.7.jar:/Users/young_y2m/.m2/repository/org/mybatis/mybatis-spring/2.0.6/mybatis-spring-2.0.6.jar:/Users/young_y2m/.m2/repository/org/springframework/boot/spring-boot-autoconfigure/2.7.4/spring-boot-autoconfigure-2.7.4.jar:/Users/young_y2m/.m2/repository/org/springframework/boot/spring-boot-starter-jdbc/2.7.4/spring-boot-starter-jdbc-2.7.4.jar:/Users/young_y2m/.m2/repository/com/zaxxer/HikariCP/4.0.3/HikariCP-4.0.3.jar:/Users/young_y2m/.m2/repository/org/springframework/spring-jdbc/5.3.23/spring-jdbc-5.3.23.jar:/Users/young_y2m/.m2/repository/org/springframework/spring-tx/5.3.23/spring-tx-5.3.23.jar:/Users/young_y2m/.m2/repository/org/apache/maven/plugins/maven-compiler-plugin/3.9.0/maven-compiler-plugin-3.9.0.jar:/Users/young_y2m/.m2/repository/org/apache/maven/shared/maven-shared-utils/3.3.4/maven-shared-utils-3.3.4.jar:/Users/young_y2m/.m2/repository/commons-io/commons-io/2.6/commons-io-2.6.jar:/Users/young_y2m/.m2/repository/org/apache/maven/shared/maven-shared-incremental/1.1/maven-shared-incremental-1.1.jar:/Users/young_y2m/.m2/repository/org/codehaus/plexus/plexus-component-annotations/1.5.5/plexus-component-annotations-1.5.5.jar:/Users/young_y2m/.m2/repository/org/codehaus/plexus/plexus-java/1.1.0/plexus-java-1.1.0.jar:/Users/young_y2m/.m2/repository/org/ow2/asm/asm/9.2/asm-9.2.jar:/Users/young_y2m/.m2/repository/com/thoughtworks/qdox/qdox/2.0.0/qdox-2.0.0.jar:/Users/young_y2m/.m2/repository/org/codehaus/plexus/plexus-compiler-api/2.9.0/plexus-compiler-api-2.9.0.jar:/Users/young_y2m/.m2/repository/org/codehaus/plexus/plexus-utils/3.3.0/plexus-utils-3.3.0.jar:/Users/young_y2m/.m2/repository/org/codehaus/plexus/plexus-compiler-manager/2.9.0/plexus-compiler-manager-2.9.0.jar:/Users/young_y2m/.m2/repository/org/codehaus/plexus/plexus-compiler-javac/2.9.0/plexus-compiler-javac-2.9.0.jar:/Users/young_y2m/.m2/repository/com/google/cloud/google-cloud-vision/3.1.2/google-cloud-vision-3.1.2.jar:/Users/young_y2m/.m2/repository/io/grpc/grpc-api/1.49.2/grpc-api-1.49.2.jar:/Users/young_y2m/.m2/repository/io/grpc/grpc-context/1.49.2/grpc-context-1.49.2.jar:/Users/young_y2m/.m2/repository/com/google/code/findbugs/jsr305/3.0.2/jsr305-3.0.2.jar:/Users/young_y2m/.m2/repository/com/google/errorprone/error_prone_annotations/2.15.0/error_prone_annotations-2.15.0.jar:/Users/young_y2m/.m2/repository/io/grpc/grpc-stub/1.49.2/grpc-stub-1.49.2.jar:/Users/young_y2m/.m2/repository/io/grpc/grpc-protobuf/1.49.2/grpc-protobuf-1.49.2.jar:/Users/young_y2m/.m2/repository/io/grpc/grpc-protobuf-lite/1.49.2/grpc-protobuf-lite-1.49.2.jar:/Users/young_y2m/.m2/repository/com/google/api/api-common/2.2.1/api-common-2.2.1.jar:/Users/young_y2m/.m2/repository/javax/annotation/javax.annotation-api/1.3.2/javax.annotation-api-1.3.2.jar:/Users/young_y2m/.m2/repository/com/google/auto/value/auto-value-annotations/1.9/auto-value-annotations-1.9.jar:/Users/young_y2m/.m2/repository/com/google/protobuf/protobuf-java/3.21.7/protobuf-java-3.21.7.jar:/Users/young_y2m/.m2/repository/com/google/api/grpc/proto-google-common-protos/2.9.6/proto-google-common-protos-2.9.6.jar:/Users/young_y2m/.m2/repository/com/google/api/grpc/proto-google-cloud-vision-v1p4beta1/0.90.2/proto-google-cloud-vision-v1p4beta1-0.90.2.jar:/Users/young_y2m/.m2/repository/com/google/api/grpc/proto-google-cloud-vision-v1/3.1.2/proto-google-cloud-vision-v1-3.1.2.jar:/Users/young_y2m/.m2/repository/com/google/api/grpc/proto-google-cloud-vision-v1p1beta1/0.90.2/proto-google-cloud-vision-v1p1beta1-0.90.2.jar:/Users/young_y2m/.m2/repository/com/google/api/grpc/proto-google-cloud-vision-v1p3beta1/0.90.2/proto-google-cloud-vision-v1p3beta1-0.90.2.jar:/Users/young_y2m/.m2/repository/com/google/api/grpc/proto-google-cloud-vision-v1p2beta1/3.1.2/proto-google-cloud-vision-v1p2beta1-3.1.2.jar:/Users/young_y2m/.m2/repository/com/google/guava/guava/31.1-jre/guava-31.1-jre.jar:/Users/young_y2m/.m2/repository/com/google/guava/failureaccess/1.0.1/failureaccess-1.0.1.jar:/Users/young_y2m/.m2/repository/com/google/guava/listenablefuture/9999.0-empty-to-avoid-conflict-with-guava/listenablefuture-9999.0-empty-to-avoid-conflict-with-guava.jar:/Users/young_y2m/.m2/repository/org/checkerframework/checker-qual/3.25.0/checker-qual-3.25.0.jar:/Users/young_y2m/.m2/repository/com/google/j2objc/j2objc-annotations/1.3/j2objc-annotations-1.3.jar:/Users/young_y2m/.m2/repository/com/google/api/gax/2.19.2/gax-2.19.2.jar:/Users/young_y2m/.m2/repository/com/google/auth/google-auth-library-credentials/1.11.0/google-auth-library-credentials-1.11.0.jar:/Users/young_y2m/.m2/repository/com/google/auth/google-auth-library-oauth2-http/1.11.0/google-auth-library-oauth2-http-1.11.0.jar:/Users/young_y2m/.m2/repository/com/google/api/gax-grpc/2.19.2/gax-grpc-2.19.2.jar:/Users/young_y2m/.m2/repository/io/grpc/grpc-alts/1.49.2/grpc-alts-1.49.2.jar:/Users/young_y2m/.m2/repository/io/grpc/grpc-grpclb/1.49.2/grpc-grpclb-1.49.2.jar:/Users/young_y2m/.m2/repository/org/conscrypt/conscrypt-openjdk-uber/2.5.2/conscrypt-openjdk-uber-2.5.2.jar:/Users/young_y2m/.m2/repository/io/grpc/grpc-auth/1.49.2/grpc-auth-1.49.2.jar:/Users/young_y2m/.m2/repository/io/grpc/grpc-netty-shaded/1.49.2/grpc-netty-shaded-1.49.2.jar:/Users/young_y2m/.m2/repository/io/perfmark/perfmark-api/0.25.0/perfmark-api-0.25.0.jar:/Users/young_y2m/.m2/repository/io/grpc/grpc-core/1.49.2/grpc-core-1.49.2.jar:/Users/young_y2m/.m2/repository/com/google/android/annotations/4.1.1.4/annotations-4.1.1.4.jar:/Users/young_y2m/.m2/repository/org/codehaus/mojo/animal-sniffer-annotations/1.22/animal-sniffer-annotations-1.22.jar:/Users/young_y2m/.m2/repository/io/grpc/grpc-googleapis/1.49.2/grpc-googleapis-1.49.2.jar:/Users/young_y2m/.m2/repository/io/grpc/grpc-xds/1.49.2/grpc-xds-1.49.2.jar:/Users/young_y2m/.m2/repository/io/opencensus/opencensus-proto/0.2.0/opencensus-proto-0.2.0.jar:/Users/young_y2m/.m2/repository/io/grpc/grpc-services/1.49.2/grpc-services-1.49.2.jar:/Users/young_y2m/.m2/repository/com/google/re2j/re2j/1.6/re2j-1.6.jar:/Users/young_y2m/.m2/repository/com/google/api/gax-httpjson/0.104.2/gax-httpjson-0.104.2.jar:/Users/young_y2m/.m2/repository/com/google/code/gson/gson/2.9.1/gson-2.9.1.jar:/Users/young_y2m/.m2/repository/com/google/http-client/google-http-client/1.42.2/google-http-client-1.42.2.jar:/Users/young_y2m/.m2/repository/org/apache/httpcomponents/httpclient/4.5.13/httpclient-4.5.13.jar:/Users/young_y2m/.m2/repository/commons-logging/commons-logging/1.2/commons-logging-1.2.jar:/Users/young_y2m/.m2/repository/commons-codec/commons-codec/1.15/commons-codec-1.15.jar:/Users/young_y2m/.m2/repository/org/apache/httpcomponents/httpcore/4.4.15/httpcore-4.4.15.jar:/Users/young_y2m/.m2/repository/io/opencensus/opencensus-api/0.31.1/opencensus-api-0.31.1.jar:/Users/young_y2m/.m2/repository/io/opencensus/opencensus-contrib-http-util/0.31.1/opencensus-contrib-http-util-0.31.1.jar:/Users/young_y2m/.m2/repository/com/google/http-client/google-http-client-gson/1.42.2/google-http-client-gson-1.42.2.jar:/Users/young_y2m/.m2/repository/com/google/protobuf/protobuf-java-util/3.21.7/protobuf-java-util-3.21.7.jar:/Users/young_y2m/.m2/repository/org/threeten/threetenbp/1.6.2/threetenbp-1.6.2.jar:/Users/young_y2m/.m2/repository/com/google/cloud/google-cloud-translate/2.3.5/google-cloud-translate-2.3.5.jar:/Users/young_y2m/.m2/repository/com/google/api/grpc/proto-google-cloud-translate-v3beta1/0.85.5/proto-google-cloud-translate-v3beta1-0.85.5.jar:/Users/young_y2m/.m2/repository/com/google/api/grpc/proto-google-cloud-translate-v3/2.3.5/proto-google-cloud-translate-v3-2.3.5.jar:/Users/young_y2m/.m2/repository/com/google/cloud/google-cloud-core/2.8.20/google-cloud-core-2.8.20.jar:/Users/young_y2m/.m2/repository/com/google/api/grpc/proto-google-iam-v1/1.6.2/proto-google-iam-v1-1.6.2.jar:/Users/young_y2m/.m2/repository/com/google/cloud/google-cloud-core-http/2.8.20/google-cloud-core-http-2.8.20.jar:/Users/young_y2m/.m2/repository/com/google/api-client/google-api-client/2.0.0/google-api-client-2.0.0.jar:/Users/young_y2m/.m2/repository/com/google/oauth-client/google-oauth-client/1.34.1/google-oauth-client-1.34.1.jar:/Users/young_y2m/.m2/repository/com/google/http-client/google-http-client-apache-v2/1.42.2/google-http-client-apache-v2-1.42.2.jar:/Users/young_y2m/.m2/repository/com/google/http-client/google-http-client-appengine/1.42.2/google-http-client-appengine-1.42.2.jar:/Users/young_y2m/.m2/repository/com/google/apis/google-api-services-translate/v2-rev20170525-2.0.0/google-api-services-translate-v2-rev20170525-2.0.0.jar:/Users/young_y2m/.m2/repository/com/google/http-client/google-http-client-jackson2/1.42.2/google-http-client-jackson2-1.42.2.jar:/Users/young_y2m/.m2/repository/com/fasterxml/jackson/core/jackson-core/2.13.4/jackson-core-2.13.4.jar:"/>
    <property name="java.vm.vendor" value="Oracle Corporation"/>
    <property name="sun.arch.data.model" value="64"/>
    <property name="java.vendor.url" value="https://java.oracle.com/"/>
    <property name="os.name" value="Mac OS X"/>
    <property name="java.vm.specification.version" value="19"/>
    <property name="sun.java.launcher" value="SUN_STANDARD"/>
    <property name="user.country" value="US"/>
    <property name="sun.boot.library.path" value="/Users/young_y2m/Library/Java/JavaVirtualMachines/openjdk-19/Contents/Home/lib"/>
    <property name="sun.java.command" value="/Users/young_y2m/Desktop/IntelliJ IDEA/CSE5914/target/surefire/surefirebooter13885286270520599949.jar /Users/young_y2m/Desktop/IntelliJ IDEA/CSE5914/target/surefire 2022-10-26T18-56-29_739-jvmRun1 surefire16649353911419709810tmp surefire_04248262878627855593tmp"/>
    <property name="http.nonProxyHosts" value="local|*.local|169.254/16|*.169.254/16"/>
    <property name="jdk.debug" value="release"/>
    <property name="surefire.test.class.path" value="/Users/young_y2m/Desktop/IntelliJ IDEA/CSE5914/target/test-classes:/Users/young_y2m/Desktop/IntelliJ IDEA/CSE5914/target/classes:/Users/young_y2m/.m2/repository/org/elasticsearch/client/elasticsearch-rest-high-level-client/7.3.0/elasticsearch-rest-high-level-client-7.3.0.jar:/Users/young_y2m/.m2/repository/org/elasticsearch/client/elasticsearch-rest-client/7.17.6/elasticsearch-rest-client-7.17.6.jar:/Users/young_y2m/.m2/repository/org/apache/httpcomponents/httpasyncclient/4.1.5/httpasyncclient-4.1.5.jar:/Users/young_y2m/.m2/repository/org/apache/httpcomponents/httpcore-nio/4.4.15/httpcore-nio-4.4.15.jar:/Users/young_y2m/.m2/repository/org/elasticsearch/plugin/parent-join-client/7.3.0/parent-join-client-7.3.0.jar:/Users/young_y2m/.m2/repository/org/elasticsearch/plugin/aggs-matrix-stats-client/7.3.0/aggs-matrix-stats-client-7.3.0.jar:/Users/young_y2m/.m2/repository/org/elasticsearch/plugin/rank-eval-client/7.3.0/rank-eval-client-7.3.0.jar:/Users/young_y2m/.m2/repository/org/elasticsearch/plugin/lang-mustache-client/7.3.0/lang-mustache-client-7.3.0.jar:/Users/young_y2m/.m2/repository/com/github/spullara/mustache/java/compiler/0.9.3/compiler-0.9.3.jar:/Users/young_y2m/.m2/repository/org/elasticsearch/elasticsearch/7.3.1/elasticsearch-7.3.1.jar:/Users/young_y2m/.m2/repository/org/elasticsearch/elasticsearch-core/7.3.1/elasticsearch-core-7.3.1.jar:/Users/young_y2m/.m2/repository/org/elasticsearch/elasticsearch-secure-sm/7.3.1/elasticsearch-secure-sm-7.3.1.jar:/Users/young_y2m/.m2/repository/org/elasticsearch/elasticsearch-x-content/7.3.1/elasticsearch-x-content-7.3.1.jar:/Users/young_y2m/.m2/repository/org/yaml/snakeyaml/1.30/snakeyaml-1.30.jar:/Users/young_y2m/.m2/repository/com/fasterxml/jackson/dataformat/jackson-dataformat-smile/2.13.4/jackson-dataformat-smile-2.13.4.jar:/Users/young_y2m/.m2/repository/com/fasterxml/jackson/dataformat/jackson-dataformat-yaml/2.13.4/jackson-dataformat-yaml-2.13.4.jar:/Users/young_y2m/.m2/repository/com/fasterxml/jackson/dataformat/jackson-dataformat-cbor/2.13.4/jackson-dataformat-cbor-2.13.4.jar:/Users/young_y2m/.m2/repository/org/elasticsearch/elasticsearch-geo/7.3.1/elasticsearch-geo-7.3.1.jar:/Users/young_y2m/.m2/repository/org/apache/lucene/lucene-core/8.1.0/lucene-core-8.1.0.jar:/Users/young_y2m/.m2/repository/org/apache/lucene/lucene-analyzers-common/8.1.0/lucene-analyzers-common-8.1.0.jar:/Users/young_y2m/.m2/repository/org/apache/lucene/lucene-backward-codecs/8.1.0/lucene-backward-codecs-8.1.0.jar:/Users/young_y2m/.m2/repository/org/apache/lucene/lucene-grouping/8.1.0/lucene-grouping-8.1.0.jar:/Users/young_y2m/.m2/repository/org/apache/lucene/lucene-highlighter/8.1.0/lucene-highlighter-8.1.0.jar:/Users/young_y2m/.m2/repository/org/apache/lucene/lucene-join/8.1.0/lucene-join-8.1.0.jar:/Users/young_y2m/.m2/repository/org/apache/lucene/lucene-memory/8.1.0/lucene-memory-8.1.0.jar:/Users/young_y2m/.m2/repository/org/apache/lucene/lucene-misc/8.1.0/lucene-misc-8.1.0.jar:/Users/young_y2m/.m2/repository/org/apache/lucene/lucene-queries/8.1.0/lucene-queries-8.1.0.jar:/Users/young_y2m/.m2/repository/org/apache/lucene/lucene-queryparser/8.1.0/lucene-queryparser-8.1.0.jar:/Users/young_y2m/.m2/repository/org/apache/lucene/lucene-sandbox/8.1.0/lucene-sandbox-8.1.0.jar:/Users/young_y2m/.m2/repository/org/apache/lucene/lucene-spatial/8.1.0/lucene-spatial-8.1.0.jar:/Users/young_y2m/.m2/repository/org/apache/lucene/lucene-spatial-extras/8.1.0/lucene-spatial-extras-8.1.0.jar:/Users/young_y2m/.m2/repository/org/apache/lucene/lucene-spatial3d/8.1.0/lucene-spatial3d-8.1.0.jar:/Users/young_y2m/.m2/repository/org/apache/lucene/lucene-suggest/8.1.0/lucene-suggest-8.1.0.jar:/Users/young_y2m/.m2/repository/org/elasticsearch/elasticsearch-cli/7.3.1/elasticsearch-cli-7.3.1.jar:/Users/young_y2m/.m2/repository/net/sf/jopt-simple/jopt-simple/5.0.2/jopt-simple-5.0.2.jar:/Users/young_y2m/.m2/repository/com/carrotsearch/hppc/0.8.1/hppc-0.8.1.jar:/Users/young_y2m/.m2/repository/joda-time/joda-time/2.10.2/joda-time-2.10.2.jar:/Users/young_y2m/.m2/repository/com/tdunning/t-digest/3.2/t-digest-3.2.jar:/Users/young_y2m/.m2/repository/org/hdrhistogram/HdrHistogram/2.1.9/HdrHistogram-2.1.9.jar:/Users/young_y2m/.m2/repository/org/apache/logging/log4j/log4j-api/2.17.2/log4j-api-2.17.2.jar:/Users/young_y2m/.m2/repository/org/elasticsearch/jna/4.5.1/jna-4.5.1.jar:/Users/young_y2m/.m2/repository/org/springframework/boot/spring-boot-starter-web/2.7.4/spring-boot-starter-web-2.7.4.jar:/Users/young_y2m/.m2/repository/org/springframework/boot/spring-boot-starter/2.7.4/spring-boot-starter-2.7.4.jar:/Users/young_y2m/.m2/repository/org/springframework/boot/spring-boot/2.7.4/spring-boot-2.7.4.jar:/Users/young_y2m/.m2/repository/org/springframework/boot/spring-boot-starter-logging/2.7.4/spring-boot-starter-logging-2.7.4.jar:/Users/young_y2m/.m2/repository/ch/qos/logback/logback-classic/1.2.11/logback-classic-1.2.11.jar:/Users/young_y2m/.m2/repository/ch/qos/logback/logback-core/1.2.11/logback-core-1.2.11.jar:/Users/young_y2m/.m2/repository/org/apache/logging/log4j/log4j-to-slf4j/2.17.2/log4j-to-slf4j-2.17.2.jar:/Users/young_y2m/.m2/repository/org/slf4j/jul-to-slf4j/1.7.36/jul-to-slf4j-1.7.36.jar:/Users/young_y2m/.m2/repository/jakarta/annotation/jakarta.annotation-api/1.3.5/jakarta.annotation-api-1.3.5.jar:/Users/young_y2m/.m2/repository/org/springframework/boot/spring-boot-starter-json/2.7.4/spring-boot-starter-json-2.7.4.jar:/Users/young_y2m/.m2/repository/com/fasterxml/jackson/core/jackson-databind/2.13.4/jackson-databind-2.13.4.jar:/Users/young_y2m/.m2/repository/com/fasterxml/jackson/core/jackson-annotations/2.13.4/jackson-annotations-2.13.4.jar:/Users/young_y2m/.m2/repository/com/fasterxml/jackson/datatype/jackson-datatype-jdk8/2.13.4/jackson-datatype-jdk8-2.13.4.jar:/Users/young_y2m/.m2/repository/com/fasterxml/jackson/datatype/jackson-datatype-jsr310/2.13.4/jackson-datatype-jsr310-2.13.4.jar:/Users/young_y2m/.m2/repository/com/fasterxml/jackson/module/jackson-module-parameter-names/2.13.4/jackson-module-parameter-names-2.13.4.jar:/Users/young_y2m/.m2/repository/org/springframework/boot/spring-boot-starter-tomcat/2.7.4/spring-boot-starter-tomcat-2.7.4.jar:/Users/young_y2m/.m2/repository/org/apache/tomcat/embed/tomcat-embed-core/9.0.65/tomcat-embed-core-9.0.65.jar:/Users/young_y2m/.m2/repository/org/apache/tomcat/embed/tomcat-embed-el/9.0.65/tomcat-embed-el-9.0.65.jar:/Users/young_y2m/.m2/repository/org/apache/tomcat/embed/tomcat-embed-websocket/9.0.65/tomcat-embed-websocket-9.0.65.jar:/Users/young_y2m/.m2/repository/org/springframework/spring-web/5.3.23/spring-web-5.3.23.jar:/Users/young_y2m/.m2/repository/org/springframework/spring-beans/5.3.23/spring-beans-5.3.23.jar:/Users/young_y2m/.m2/repository/org/springframework/spring-webmvc/5.3.23/spring-webmvc-5.3.23.jar:/Users/young_y2m/.m2/repository/org/springframework/spring-aop/5.3.23/spring-aop-5.3.23.jar:/Users/young_y2m/.m2/repository/org/springframework/spring-context/5.3.23/spring-context-5.3.23.jar:/Users/young_y2m/.m2/repository/org/springframework/spring-expression/5.3.23/spring-expression-5.3.23.jar:/Users/young_y2m/.m2/repository/org/projectlombok/lombok/1.18.24/lombok-1.18.24.jar:/Users/young_y2m/.m2/repository/org/springframework/boot/spring-boot-starter-test/2.7.4/spring-boot-starter-test-2.7.4.jar:/Users/young_y2m/.m2/repository/org/springframework/boot/spring-boot-test/2.7.4/spring-boot-test-2.7.4.jar:/Users/young_y2m/.m2/repository/org/springframework/boot/spring-boot-test-autoconfigure/2.7.4/spring-boot-test-autoconfigure-2.7.4.jar:/Users/young_y2m/.m2/repository/com/jayway/jsonpath/json-path/2.7.0/json-path-2.7.0.jar:/Users/young_y2m/.m2/repository/net/minidev/json-smart/2.4.8/json-smart-2.4.8.jar:/Users/young_y2m/.m2/repository/net/minidev/accessors-smart/2.4.8/accessors-smart-2.4.8.jar:/Users/young_y2m/.m2/repository/org/slf4j/slf4j-api/1.7.36/slf4j-api-1.7.36.jar:/Users/young_y2m/.m2/repository/jakarta/xml/bind/jakarta.xml.bind-api/2.3.3/jakarta.xml.bind-api-2.3.3.jar:/Users/young_y2m/.m2/repository/jakarta/activation/jakarta.activation-api/1.2.2/jakarta.activation-api-1.2.2.jar:/Users/young_y2m/.m2/repository/org/assertj/assertj-core/3.22.0/assertj-core-3.22.0.jar:/Users/young_y2m/.m2/repository/org/hamcrest/hamcrest/2.2/hamcrest-2.2.jar:/Users/young_y2m/.m2/repository/org/junit/jupiter/junit-jupiter/5.8.2/junit-jupiter-5.8.2.jar:/Users/young_y2m/.m2/repository/org/junit/jupiter/junit-jupiter-api/5.8.2/junit-jupiter-api-5.8.2.jar:/Users/young_y2m/.m2/repository/org/opentest4j/opentest4j/1.2.0/opentest4j-1.2.0.jar:/Users/young_y2m/.m2/repository/org/junit/platform/junit-platform-commons/1.8.2/junit-platform-commons-1.8.2.jar:/Users/young_y2m/.m2/repository/org/apiguardian/apiguardian-api/1.1.2/apiguardian-api-1.1.2.jar:/Users/young_y2m/.m2/repository/org/junit/jupiter/junit-jupiter-params/5.8.2/junit-jupiter-params-5.8.2.jar:/Users/young_y2m/.m2/repository/org/junit/jupiter/junit-jupiter-engine/5.8.2/junit-jupiter-engine-5.8.2.jar:/Users/young_y2m/.m2/repository/org/junit/platform/junit-platform-engine/1.8.2/junit-platform-engine-1.8.2.jar:/Users/young_y2m/.m2/repository/org/mockito/mockito-core/4.5.1/mockito-core-4.5.1.jar:/Users/young_y2m/.m2/repository/net/bytebuddy/byte-buddy/1.12.17/byte-buddy-1.12.17.jar:/Users/young_y2m/.m2/repository/net/bytebuddy/byte-buddy-agent/1.12.17/byte-buddy-agent-1.12.17.jar:/Users/young_y2m/.m2/repository/org/objenesis/objenesis/3.2/objenesis-3.2.jar:/Users/young_y2m/.m2/repository/org/mockito/mockito-junit-jupiter/4.5.1/mockito-junit-jupiter-4.5.1.jar:/Users/young_y2m/.m2/repository/org/skyscreamer/jsonassert/1.5.1/jsonassert-1.5.1.jar:/Users/young_y2m/.m2/repository/com/vaadin/external/google/android-json/0.0.20131108.vaadin1/android-json-0.0.20131108.vaadin1.jar:/Users/young_y2m/.m2/repository/org/springframework/spring-core/5.3.23/spring-core-5.3.23.jar:/Users/young_y2m/.m2/repository/org/springframework/spring-jcl/5.3.23/spring-jcl-5.3.23.jar:/Users/young_y2m/.m2/repository/org/springframework/spring-test/5.3.23/spring-test-5.3.23.jar:/Users/young_y2m/.m2/repository/org/xmlunit/xmlunit-core/2.9.0/xmlunit-core-2.9.0.jar:/Users/young_y2m/.m2/repository/org/springframework/boot/spring-boot-starter-thymeleaf/2.7.4/spring-boot-starter-thymeleaf-2.7.4.jar:/Users/young_y2m/.m2/repository/org/thymeleaf/thymeleaf-spring5/3.0.15.RELEASE/thymeleaf-spring5-3.0.15.RELEASE.jar:/Users/young_y2m/.m2/repository/org/thymeleaf/thymeleaf/3.0.15.RELEASE/thymeleaf-3.0.15.RELEASE.jar:/Users/young_y2m/.m2/repository/org/attoparser/attoparser/2.0.5.RELEASE/attoparser-2.0.5.RELEASE.jar:/Users/young_y2m/.m2/repository/org/unbescape/unbescape/1.1.6.RELEASE/unbescape-1.1.6.RELEASE.jar:/Users/young_y2m/.m2/repository/org/thymeleaf/extras/thymeleaf-extras-java8time/3.0.4.RELEASE/thymeleaf-extras-java8time-3.0.4.RELEASE.jar:/Users/young_y2m/.m2/repository/com/baomidou/mybatis-plus-boot-starter/3.4.3/mybatis-plus-boot-starter-3.4.3.jar:/Users/young_y2m/.m2/repository/com/baomidou/mybatis-plus/3.4.3/mybatis-plus-3.4.3.jar:/Users/young_y2m/.m2/repository/com/baomidou/mybatis-plus-extension/3.4.3/mybatis-plus-extension-3.4.3.jar:/Users/young_y2m/.m2/repository/com/baomidou/mybatis-plus-core/3.4.3/mybatis-plus-core-3.4.3.jar:/Users/young_y2m/.m2/repository/com/baomidou/mybatis-plus-annotation/3.4.3/mybatis-plus-annotation-3.4.3.jar:/Users/young_y2m/.m2/repository/com/github/jsqlparser/jsqlparser/4.0/jsqlparser-4.0.jar:/Users/young_y2m/.m2/repository/org/mybatis/mybatis/3.5.7/mybatis-3.5.7.jar:/Users/young_y2m/.m2/repository/org/mybatis/mybatis-spring/2.0.6/mybatis-spring-2.0.6.jar:/Users/young_y2m/.m2/repository/org/springframework/boot/spring-boot-autoconfigure/2.7.4/spring-boot-autoconfigure-2.7.4.jar:/Users/young_y2m/.m2/repository/org/springframework/boot/spring-boot-starter-jdbc/2.7.4/spring-boot-starter-jdbc-2.7.4.jar:/Users/young_y2m/.m2/repository/com/zaxxer/HikariCP/4.0.3/HikariCP-4.0.3.jar:/Users/young_y2m/.m2/repository/org/springframework/spring-jdbc/5.3.23/spring-jdbc-5.3.23.jar:/Users/young_y2m/.m2/repository/org/springframework/spring-tx/5.3.23/spring-tx-5.3.23.jar:/Users/young_y2m/.m2/repository/org/apache/maven/plugins/maven-compiler-plugin/3.9.0/maven-compiler-plugin-3.9.0.jar:/Users/young_y2m/.m2/repository/org/apache/maven/shared/maven-shared-utils/3.3.4/maven-shared-utils-3.3.4.jar:/Users/young_y2m/.m2/repository/commons-io/commons-io/2.6/commons-io-2.6.jar:/Users/young_y2m/.m2/repository/org/apache/maven/shared/maven-shared-incremental/1.1/maven-shared-incremental-1.1.jar:/Users/young_y2m/.m2/repository/org/codehaus/plexus/plexus-component-annotations/1.5.5/plexus-component-annotations-1.5.5.jar:/Users/young_y2m/.m2/repository/org/codehaus/plexus/plexus-java/1.1.0/plexus-java-1.1.0.jar:/Users/young_y2m/.m2/repository/org/ow2/asm/asm/9.2/asm-9.2.jar:/Users/young_y2m/.m2/repository/com/thoughtworks/qdox/qdox/2.0.0/qdox-2.0.0.jar:/Users/young_y2m/.m2/repository/org/codehaus/plexus/plexus-compiler-api/2.9.0/plexus-compiler-api-2.9.0.jar:/Users/young_y2m/.m2/repository/org/codehaus/plexus/plexus-utils/3.3.0/plexus-utils-3.3.0.jar:/Users/young_y2m/.m2/repository/org/codehaus/plexus/plexus-compiler-manager/2.9.0/plexus-compiler-manager-2.9.0.jar:/Users/young_y2m/.m2/repository/org/codehaus/plexus/plexus-compiler-javac/2.9.0/plexus-compiler-javac-2.9.0.jar:/Users/young_y2m/.m2/repository/com/google/cloud/google-cloud-vision/3.1.2/google-cloud-vision-3.1.2.jar:/Users/young_y2m/.m2/repository/io/grpc/grpc-api/1.49.2/grpc-api-1.49.2.jar:/Users/young_y2m/.m2/repository/io/grpc/grpc-context/1.49.2/grpc-context-1.49.2.jar:/Users/young_y2m/.m2/repository/com/google/code/findbugs/jsr305/3.0.2/jsr305-3.0.2.jar:/Users/young_y2m/.m2/repository/com/google/errorprone/error_prone_annotations/2.15.0/error_prone_annotations-2.15.0.jar:/Users/young_y2m/.m2/repository/io/grpc/grpc-stub/1.49.2/grpc-stub-1.49.2.jar:/Users/young_y2m/.m2/repository/io/grpc/grpc-protobuf/1.49.2/grpc-protobuf-1.49.2.jar:/Users/young_y2m/.m2/repository/io/grpc/grpc-protobuf-lite/1.49.2/grpc-protobuf-lite-1.49.2.jar:/Users/young_y2m/.m2/repository/com/google/api/api-common/2.2.1/api-common-2.2.1.jar:/Users/young_y2m/.m2/repository/javax/annotation/javax.annotation-api/1.3.2/javax.annotation-api-1.3.2.jar:/Users/young_y2m/.m2/repository/com/google/auto/value/auto-value-annotations/1.9/auto-value-annotations-1.9.jar:/Users/young_y2m/.m2/repository/com/google/protobuf/protobuf-java/3.21.7/protobuf-java-3.21.7.jar:/Users/young_y2m/.m2/repository/com/google/api/grpc/proto-google-common-protos/2.9.6/proto-google-common-protos-2.9.6.jar:/Users/young_y2m/.m2/repository/com/google/api/grpc/proto-google-cloud-vision-v1p4beta1/0.90.2/proto-google-cloud-vision-v1p4beta1-0.90.2.jar:/Users/young_y2m/.m2/repository/com/google/api/grpc/proto-google-cloud-vision-v1/3.1.2/proto-google-cloud-vision-v1-3.1.2.jar:/Users/young_y2m/.m2/repository/com/google/api/grpc/proto-google-cloud-vision-v1p1beta1/0.90.2/proto-google-cloud-vision-v1p1beta1-0.90.2.jar:/Users/young_y2m/.m2/repository/com/google/api/grpc/proto-google-cloud-vision-v1p3beta1/0.90.2/proto-google-cloud-vision-v1p3beta1-0.90.2.jar:/Users/young_y2m/.m2/repository/com/google/api/grpc/proto-google-cloud-vision-v1p2beta1/3.1.2/proto-google-cloud-vision-v1p2beta1-3.1.2.jar:/Users/young_y2m/.m2/repository/com/google/guava/guava/31.1-jre/guava-31.1-jre.jar:/Users/young_y2m/.m2/repository/com/google/guava/failureaccess/1.0.1/failureaccess-1.0.1.jar:/Users/young_y2m/.m2/repository/com/google/guava/listenablefuture/9999.0-empty-to-avoid-conflict-with-guava/listenablefuture-9999.0-empty-to-avoid-conflict-with-guava.jar:/Users/young_y2m/.m2/repository/org/checkerframework/checker-qual/3.25.0/checker-qual-3.25.0.jar:/Users/young_y2m/.m2/repository/com/google/j2objc/j2objc-annotations/1.3/j2objc-annotations-1.3.jar:/Users/young_y2m/.m2/repository/com/google/api/gax/2.19.2/gax-2.19.2.jar:/Users/young_y2m/.m2/repository/com/google/auth/google-auth-library-credentials/1.11.0/google-auth-library-credentials-1.11.0.jar:/Users/young_y2m/.m2/repository/com/google/auth/google-auth-library-oauth2-http/1.11.0/google-auth-library-oauth2-http-1.11.0.jar:/Users/young_y2m/.m2/repository/com/google/api/gax-grpc/2.19.2/gax-grpc-2.19.2.jar:/Users/young_y2m/.m2/repository/io/grpc/grpc-alts/1.49.2/grpc-alts-1.49.2.jar:/Users/young_y2m/.m2/repository/io/grpc/grpc-grpclb/1.49.2/grpc-grpclb-1.49.2.jar:/Users/young_y2m/.m2/repository/org/conscrypt/conscrypt-openjdk-uber/2.5.2/conscrypt-openjdk-uber-2.5.2.jar:/Users/young_y2m/.m2/repository/io/grpc/grpc-auth/1.49.2/grpc-auth-1.49.2.jar:/Users/young_y2m/.m2/repository/io/grpc/grpc-netty-shaded/1.49.2/grpc-netty-shaded-1.49.2.jar:/Users/young_y2m/.m2/repository/io/perfmark/perfmark-api/0.25.0/perfmark-api-0.25.0.jar:/Users/young_y2m/.m2/repository/io/grpc/grpc-core/1.49.2/grpc-core-1.49.2.jar:/Users/young_y2m/.m2/repository/com/google/android/annotations/4.1.1.4/annotations-4.1.1.4.jar:/Users/young_y2m/.m2/repository/org/codehaus/mojo/animal-sniffer-annotations/1.22/animal-sniffer-annotations-1.22.jar:/Users/young_y2m/.m2/repository/io/grpc/grpc-googleapis/1.49.2/grpc-googleapis-1.49.2.jar:/Users/young_y2m/.m2/repository/io/grpc/grpc-xds/1.49.2/grpc-xds-1.49.2.jar:/Users/young_y2m/.m2/repository/io/opencensus/opencensus-proto/0.2.0/opencensus-proto-0.2.0.jar:/Users/young_y2m/.m2/repository/io/grpc/grpc-services/1.49.2/grpc-services-1.49.2.jar:/Users/young_y2m/.m2/repository/com/google/re2j/re2j/1.6/re2j-1.6.jar:/Users/young_y2m/.m2/repository/com/google/api/gax-httpjson/0.104.2/gax-httpjson-0.104.2.jar:/Users/young_y2m/.m2/repository/com/google/code/gson/gson/2.9.1/gson-2.9.1.jar:/Users/young_y2m/.m2/repository/com/google/http-client/google-http-client/1.42.2/google-http-client-1.42.2.jar:/Users/young_y2m/.m2/repository/org/apache/httpcomponents/httpclient/4.5.13/httpclient-4.5.13.jar:/Users/young_y2m/.m2/repository/commons-logging/commons-logging/1.2/commons-logging-1.2.jar:/Users/young_y2m/.m2/repository/commons-codec/commons-codec/1.15/commons-codec-1.15.jar:/Users/young_y2m/.m2/repository/org/apache/httpcomponents/httpcore/4.4.15/httpcore-4.4.15.jar:/Users/young_y2m/.m2/repository/io/opencensus/opencensus-api/0.31.1/opencensus-api-0.31.1.jar:/Users/young_y2m/.m2/repository/io/opencensus/opencensus-contrib-http-util/0.31.1/opencensus-contrib-http-util-0.31.1.jar:/Users/young_y2m/.m2/repository/com/google/http-client/google-http-client-gson/1.42.2/google-http-client-gson-1.42.2.jar:/Users/young_y2m/.m2/repository/com/google/protobuf/protobuf-java-util/3.21.7/protobuf-java-util-3.21.7.jar:/Users/young_y2m/.m2/repository/org/threeten/threetenbp/1.6.2/threetenbp-1.6.2.jar:/Users/young_y2m/.m2/repository/com/google/cloud/google-cloud-translate/2.3.5/google-cloud-translate-2.3.5.jar:/Users/young_y2m/.m2/repository/com/google/api/grpc/proto-google-cloud-translate-v3beta1/0.85.5/proto-google-cloud-translate-v3beta1-0.85.5.jar:/Users/young_y2m/.m2/repository/com/google/api/grpc/proto-google-cloud-translate-v3/2.3.5/proto-google-cloud-translate-v3-2.3.5.jar:/Users/young_y2m/.m2/repository/com/google/cloud/google-cloud-core/2.8.20/google-cloud-core-2.8.20.jar:/Users/young_y2m/.m2/repository/com/google/api/grpc/proto-google-iam-v1/1.6.2/proto-google-iam-v1-1.6.2.jar:/Users/young_y2m/.m2/repository/com/google/cloud/google-cloud-core-http/2.8.20/google-cloud-core-http-2.8.20.jar:/Users/young_y2m/.m2/repository/com/google/api-client/google-api-client/2.0.0/google-api-client-2.0.0.jar:/Users/young_y2m/.m2/repository/com/google/oauth-client/google-oauth-client/1.34.1/google-oauth-client-1.34.1.jar:/Users/young_y2m/.m2/repository/com/google/http-client/google-http-client-apache-v2/1.42.2/google-http-client-apache-v2-1.42.2.jar:/Users/young_y2m/.m2/repository/com/google/http-client/google-http-client-appengine/1.42.2/google-http-client-appengine-1.42.2.jar:/Users/young_y2m/.m2/repository/com/google/apis/google-api-services-translate/v2-rev20170525-2.0.0/google-api-services-translate-v2-rev20170525-2.0.0.jar:/Users/young_y2m/.m2/repository/com/google/http-client/google-http-client-jackson2/1.42.2/google-http-client-jackson2-1.42.2.jar:/Users/young_y2m/.m2/repository/com/fasterxml/jackson/core/jackson-core/2.13.4/jackson-core-2.13.4.jar:"/>
    <property name="sun.cpu.endian" value="little"/>
    <property name="user.home" value="/Users/young_y2m"/>
    <property name="user.language" value="zh"/>
    <property name="java.specification.vendor" value="Oracle Corporation"/>
    <property name="java.version.date" value="2022-09-20"/>
    <property name="java.home" value="/Users/young_y2m/Library/Java/JavaVirtualMachines/openjdk-19/Contents/Home"/>
    <property name="file.separator" value="/"/>
    <property name="basedir" value="/Users/young_y2m/Desktop/IntelliJ IDEA/CSE5914"/>
    <property name="java.vm.compressedOopsMode" value="Zero based"/>
    <property name="line.separator" value="&#10;"/>
    <property name="java.vm.specification.vendor" value="Oracle Corporation"/>
    <property name="java.specification.name" value="Java Platform API Specification"/>
    <property name="apple.awt.application.name" value="ForkedBooter"/>
    <property name="surefire.real.class.path" value="/Users/young_y2m/Desktop/IntelliJ IDEA/CSE5914/target/surefire/surefirebooter13885286270520599949.jar"/>
    <property name="user.script" value="Hans"/>
    <property name="sun.management.compiler" value="HotSpot 64-Bit Tiered Compilers"/>
    <property name="ftp.nonProxyHosts" value="local|*.local|169.254/16|*.169.254/16"/>
    <property name="java.runtime.version" value="19+36-2238"/>
    <property name="user.name" value="young_y2m"/>
    <property name="stdout.encoding" value="UTF-8"/>
    <property name="path.separator" value=":"/>
    <property name="os.version" value="13.0"/>
    <property name="java.runtime.name" value="OpenJDK Runtime Environment"/>
    <property name="file.encoding" value="UTF-8"/>
    <property name="java.vm.name" value="OpenJDK 64-Bit Server VM"/>
    <property name="localRepository" value="/Users/young_y2m/.m2/repository"/>
    <property name="java.vendor.url.bug" value="https://bugreport.java.com/bugreport/"/>
    <property name="java.io.tmpdir" value="/var/folders/l4/rn0swr7114j064zthn5019mc0000gn/T/"/>
    <property name="idea.version" value="2022.2.1"/>
    <property name="java.version" value="19"/>
    <property name="user.dir" value="/Users/young_y2m/Desktop/IntelliJ IDEA/CSE5914"/>
    <property name="os.arch" value="aarch64"/>
    <property name="java.vm.specification.name" value="Java Virtual Machine Specification"/>
    <property name="native.encoding" value="UTF-8"/>
    <property name="java.library.path" value="/Users/young_y2m/Library/Java/Extensions:/Library/Java/Extensions:/Network/Library/Java/Extensions:/System/Library/Java/Extensions:/usr/lib/java:."/>
    <property name="java.vm.info" value="mixed mode, sharing"/>
    <property name="stderr.encoding" value="UTF-8"/>
    <property name="java.vendor" value="Oracle Corporation"/>
    <property name="java.vm.version" value="19+36-2238"/>
    <property name="sun.io.unicode.encoding" value="UnicodeBig"/>
    <property name="socksNonProxyHosts" value="local|*.local|169.254/16|*.169.254/16"/>
    <property name="java.class.version" value="63.0"/>
  </properties>
  <testcase name="com.example.cse5914backend.Cse5914BackendApplicationTests" classname="com.example.cse5914backend.Cse5914BackendApplicationTests" time="0.146">
    <error message="Unable to find a @SpringBootConfiguration, you need to use @ContextConfiguration or @SpringBootTest(classes=...) with your test" type="java.lang.IllegalStateException">java.lang.IllegalStateException: Unable to find a @SpringBootConfiguration, you need to use @ContextConfiguration or @SpringBootTest(classes=...) with your test
</error>
    <system-out><![CDATA[18:56:30.166 [main] DEBUG org.springframework.test.context.BootstrapUtils - Instantiating CacheAwareContextLoaderDelegate from class [org.springframework.test.context.cache.DefaultCacheAwareContextLoaderDelegate]
18:56:30.172 [main] DEBUG org.springframework.test.context.BootstrapUtils - Instantiating BootstrapContext using constructor [public org.springframework.test.context.support.DefaultBootstrapContext(java.lang.Class,org.springframework.test.context.CacheAwareContextLoaderDelegate)]
18:56:30.191 [main] DEBUG org.springframework.test.context.BootstrapUtils - Instantiating TestContextBootstrapper for test class [com.example.cse5914backend.Cse5914BackendApplicationTests] from class [org.springframework.boot.test.context.SpringBootTestContextBootstrapper]
18:56:30.198 [main] INFO org.springframework.boot.test.context.SpringBootTestContextBootstrapper - Neither @ContextConfiguration nor @ContextHierarchy found for test class [com.example.cse5914backend.Cse5914BackendApplicationTests], using SpringBootContextLoader
18:56:30.200 [main] DEBUG org.springframework.test.context.support.AbstractContextLoader - Did not detect default resource location for test class [com.example.cse5914backend.Cse5914BackendApplicationTests]: class path resource [com/example/cse5914backend/Cse5914BackendApplicationTests-context.xml] does not exist
18:56:30.200 [main] DEBUG org.springframework.test.context.support.AbstractContextLoader - Did not detect default resource location for test class [com.example.cse5914backend.Cse5914BackendApplicationTests]: class path resource [com/example/cse5914backend/Cse5914BackendApplicationTestsContext.groovy] does not exist
18:56:30.200 [main] INFO org.springframework.test.context.support.AbstractContextLoader - Could not detect default resource locations for test class [com.example.cse5914backend.Cse5914BackendApplicationTests]: no resource found for suffixes {-context.xml, Context.groovy}.
18:56:30.201 [main] INFO org.springframework.test.context.support.AnnotationConfigContextLoaderUtils - Could not detect default configuration classes for test class [com.example.cse5914backend.Cse5914BackendApplicationTests]: Cse5914BackendApplicationTests does not declare any static, non-private, non-final, nested classes annotated with @Configuration.
18:56:30.221 [main] DEBUG org.springframework.test.context.support.ActiveProfilesUtils - Could not find an 'annotation declaring class' for annotation type [org.springframework.test.context.ActiveProfiles] and class [com.example.cse5914backend.Cse5914BackendApplicationTests]
]]></system-out>
  </testcase>
</testsuite>